<?xml version="1.0" encoding="UTF-8"?>
<!-- Generated by org.testng.reporters.JUnitXMLReporter -->
<testsuite ignored="0" hostname="DESKTOP-QRQRH7B" failures="1" tests="1" name="BankingApp Test" time="30.335" errors="0" timestamp="2020-11-23T12:00:44 SAST">
  <testcase classname="com.inetbanking.testCases.TC_AddCustomerTest_02" name="addNewCustomer" time="15.896">
    <failure type="java.lang.AssertionError" message="expected [true] but found [false]">
      <![CDATA[java.lang.AssertionError: expected [true] but found [false]
at com.inetbanking.testCases.TC_AddCustomerTest_02.addNewCustomer(TC_AddCustomerTest_02.java:68)
at java.base/java.util.ArrayList.forEach(ArrayList.java:1511)
... Removed 31 stack frames]]>
    </failure>
  </testcase> <!-- addNewCustomer -->
</testsuite> <!-- BankingApp Test -->
